\BOOKMARK [1][-]{section.0.1}{\376\377\000A\000b\000s\000t\000r\000a\000c\000t}{}% 1
\BOOKMARK [1][-]{section.0.2}{\376\377\000L\000a\000y\000\040\000A\000b\000s\000t\000r\000a\000c\000t}{}% 2
\BOOKMARK [1][-]{section.0.3}{\376\377\000D\000e\000c\000l\000a\000r\000a\000t\000i\000o\000n}{}% 3
\BOOKMARK [1][-]{section.0.4}{\376\377\000A\000c\000k\000n\000o\000w\000l\000e\000d\000g\000e\000m\000e\000n\000t\000s}{}% 4
\BOOKMARK [1][-]{section.0.5}{\376\377\000I\000n\000t\000r\000o\000d\000u\000c\000t\000i\000o\000n\000\040\000t\000o\000\040\000t\000h\000e\000\040\000T\000h\000e\000s\000i\000s}{}% 5
\BOOKMARK [0][-]{chapter.1}{\376\377\000I\000n\000t\000r\000o\000d\000u\000c\000t\000i\000o\000n\000\040\000t\000o\000\040\000s\000u\000r\000f\000a\000c\000e\000\040\000f\000o\000r\000c\000e\000s}{}% 6
\BOOKMARK [1][-]{section.1.1}{\376\377\000I\000n\000t\000e\000r\000p\000a\000r\000t\000i\000c\000l\000e\000\040\000C\000o\000l\000l\000o\000i\000d\000a\000l\000\040\000f\000o\000r\000c\000e\000s}{chapter.1}% 7
\BOOKMARK [2][-]{subsection.1.1.1}{\376\377\000E\000l\000e\000c\000t\000r\000o\000s\000t\000a\000t\000i\000c\000\040\000i\000n\000t\000e\000r\000a\000c\000t\000i\000o\000n\000s}{section.1.1}% 8
\BOOKMARK [2][-]{subsection.1.1.2}{\376\377\000V\000a\000n\000\040\000d\000e\000r\000\040\000W\000a\000a\000l\000s\000\040\000F\000o\000r\000c\000e\000s}{section.1.1}% 9
\BOOKMARK [1][-]{section.1.2}{\376\377\000T\000h\000e\000\040\000I\000n\000t\000e\000r\000p\000l\000a\000y\000\040\000o\000f\000\040\000A\000t\000t\000r\000a\000c\000t\000i\000v\000e\000\040\000a\000n\000d\000\040\000R\000e\000p\000u\000l\000s\000i\000v\000e\000\040\000F\000o\000r\000c\000e\000s\000\040\000o\000n\000\040\000C\000o\000l\000l\000o\000i\000d\000a\000l\000\040\000S\000y\000s\000t\000e\000m\000s}{chapter.1}% 10
\BOOKMARK [2][-]{subsection.1.2.1}{\376\377\000L\000e\000n\000n\000a\000r\000d\000-\000J\000o\000n\000e\000s\000\040\000p\000o\000t\000e\000n\000t\000i\000a\000l}{section.1.2}% 11
\BOOKMARK [2][-]{subsection.1.2.2}{\376\377\000D\000L\000V\000O\000\040\000t\000h\000e\000o\000r\000y}{section.1.2}% 12
\BOOKMARK [1][-]{section.1.3}{\376\377\000D\000y\000n\000a\000m\000i\000c\000\040\000f\000o\000r\000c\000e\000s}{chapter.1}% 13
\BOOKMARK [2][-]{subsection.1.3.1}{\376\377\000H\000y\000d\000r\000o\000d\000y\000n\000a\000m\000i\000c\000\040\000I\000n\000t\000e\000r\000a\000c\000t\000i\000o\000n\000s}{section.1.3}% 14
\BOOKMARK [2][-]{subsection.1.3.2}{\376\377\000S\000t\000e\000r\000i\000c\000\040\000F\000o\000r\000c\000e\000s}{section.1.3}% 15
\BOOKMARK [1][-]{section.1.4}{\376\377\000B\000u\000l\000k\000\040\000i\000n\000t\000e\000r\000a\000c\000t\000i\000o\000n\000s\000\040\000a\000n\000d\000\040\000p\000r\000o\000p\000e\000r\000t\000i\000e\000s}{chapter.1}% 16
\BOOKMARK [2][-]{subsection.1.4.1}{\376\377\000R\000h\000e\000o\000l\000o\000g\000y}{section.1.4}% 17
\BOOKMARK [2][-]{subsection.1.4.2}{\376\377\000N\000o\000n\000-\000N\000e\000w\000t\000o\000n\000i\000a\000n\000\040\000F\000l\000u\000i\000d\000s}{section.1.4}% 18
\BOOKMARK [2][-]{subsection.1.4.3}{\376\377\000S\000h\000e\000a\000r\000\040\000T\000h\000i\000n\000n\000i\000n\000g\000\040\000a\000n\000d\000\040\000T\000h\000i\000c\000k\000e\000n\000i\000n\000g}{section.1.4}% 19
\BOOKMARK [2][-]{subsection.1.4.4}{\376\377\000L\000u\000b\000r\000i\000c\000a\000t\000i\000o\000n\000\040\000F\000o\000r\000c\000e\000s}{section.1.4}% 20
\BOOKMARK [2][-]{subsection.1.4.5}{\376\377\000S\000i\000m\000p\000l\000e\000\040\000V\000i\000s\000c\000o\000u\000s\000\040\000D\000r\000a\000g\000\040\000i\000n\000\040\000C\000o\000l\000l\000o\000i\000d\000a\000l\000\040\000S\000y\000s\000t\000e\000m\000s}{section.1.4}% 21
\BOOKMARK [2][-]{subsection.1.4.6}{\376\377\000R\000h\000e\000o\000l\000o\000g\000y\000\040\000o\000f\000\040\000s\000u\000s\000p\000e\000n\000d\000e\000d\000\040\000c\000o\000l\000l\000o\000i\000d\000a\000l\000\040\000p\000a\000r\000t\000i\000c\000l\000e\000s}{section.1.4}% 22
\BOOKMARK [1][-]{section.1.5}{\376\377\000C\000o\000n\000s\000i\000d\000e\000r\000i\000n\000g\000\040\000r\000e\000a\000l\000i\000t\000y}{chapter.1}% 23
\BOOKMARK [2][-]{subsection.1.5.1}{\376\377\000A\000t\000t\000a\000c\000h\000i\000n\000g\000\040\000s\000p\000h\000e\000r\000i\000c\000a\000l\000\040\000p\000u\000t\000t\000y\000\040\000t\000o\000\040\000t\000h\000e\000\040\000c\000e\000i\000l\000i\000n\000g}{section.1.5}% 24
\BOOKMARK [0][-]{chapter.2}{\376\377\000A\000t\000o\000m\000i\000c\000\040\000f\000o\000r\000c\000e\000\040\000m\000i\000c\000r\000o\000s\000c\000o\000p\000y}{}% 25
\BOOKMARK [1][-]{section.2.1}{\376\377\000I\000n\000t\000r\000o\000d\000u\000c\000t\000i\000o\000n}{chapter.2}% 26
\BOOKMARK [1][-]{section.2.2}{\376\377\000B\000a\000s\000i\000c\000\040\000o\000v\000e\000r\000v\000i\000e\000w\000\040\000o\000f\000\040\000A\000F\000M\000\040\000o\000p\000e\000r\000a\000t\000i\000o\000n}{chapter.2}% 27
\BOOKMARK [1][-]{section.2.3}{\376\377\000T\000i\000p\000\040\000C\000a\000l\000i\000b\000r\000a\000t\000i\000o\000n}{chapter.2}% 28
\BOOKMARK [1][-]{section.2.4}{\376\377\000C\000o\000m\000m\000o\000n\000\040\000a\000r\000t\000i\000f\000a\000c\000t\000s\000\040\000i\000n\000\040\000A\000F\000M}{chapter.2}% 29
\BOOKMARK [2][-]{subsection.2.4.1}{\376\377\000T\000h\000e\000\040\000t\000i\000p}{section.2.4}% 30
\BOOKMARK [2][-]{subsection.2.4.2}{\376\377\000S\000c\000a\000n\000n\000e\000r\000\040\000e\000r\000r\000o\000r}{section.2.4}% 31
\BOOKMARK [2][-]{subsection.2.4.3}{\376\377\000V\000i\000b\000r\000a\000t\000i\000o\000n\000s}{section.2.4}% 32
\BOOKMARK [2][-]{subsection.2.4.4}{\376\377\000I\000n\000c\000o\000r\000r\000e\000c\000t\000\040\000u\000s\000e\000r\000\040\000p\000a\000r\000a\000m\000e\000t\000e\000r\000s\000\040\000a\000n\000d\000\040\000f\000e\000e\000d\000b\000a\000c\000k\000\040\000e\000r\000r\000o\000r\000s}{section.2.4}% 33
\BOOKMARK [1][-]{section.2.5}{\376\377\000I\000m\000a\000g\000i\000n\000g\000\040\000m\000o\000d\000e\000\040\000A\000F\000M}{chapter.2}% 34
\BOOKMARK [2][-]{subsection.2.5.1}{\376\377\000M\000a\000t\000h\000e\000m\000a\000t\000i\000c\000a\000l\000\040\000a\000l\000i\000g\000n\000m\000e\000n\000t\000\040\000a\000n\000d\000\040\000e\000r\000r\000o\000r\000\040\000c\000o\000r\000r\000e\000c\000t\000i\000o\000n\000\040\000o\000f\000\040\000A\000F\000M\000\040\000i\000m\000a\000g\000e\000s}{section.2.5}% 35
\BOOKMARK [1][-]{section.2.6}{\376\377\000S\000u\000r\000f\000a\000c\000e\000\040\000F\000o\000r\000c\000e\000\040\000p\000r\000o\000f\000i\000l\000i\000n\000g}{chapter.2}% 36
\BOOKMARK [2][-]{subsection.2.6.1}{\376\377\000A\000n\000a\000t\000o\000m\000y\000\040\000o\000f\000\040\000a\000\040\000f\000o\000r\000c\000e\000\040\000c\000u\000r\000v\000e}{section.2.6}% 37
\BOOKMARK [2][-]{subsection.2.6.2}{\376\377\000E\000r\000r\000o\000r\000\040\000c\000o\000r\000r\000e\000c\000t\000i\000o\000n\000\040\000o\000f\000\040\000f\000o\000r\000c\000e\000\040\000c\000u\000r\000v\000e\000s}{section.2.6}% 38
\BOOKMARK [0][-]{chapter.3}{\376\377\000S\000u\000r\000f\000a\000c\000e\000\040\000I\000m\000a\000g\000i\000n\000g}{}% 39
\BOOKMARK [1][-]{section.3.1}{\376\377\000I\000n\000t\000r\000o\000d\000u\000c\000t\000i\000o\000n}{chapter.3}% 40
\BOOKMARK [1][-]{section.3.2}{\376\377\000S\000u\000r\000f\000a\000c\000e\000\040\000a\000n\000a\000l\000y\000s\000i\000s}{chapter.3}% 41
\BOOKMARK [2][-]{subsection.3.2.1}{\376\377\000M\000e\000a\000s\000u\000r\000i\000n\000g\000\040\000t\000h\000e\000\040\000s\000u\000r\000f\000a\000c\000e\000\040\000o\000f\000\040\000m\000i\000c\000a}{section.3.2}% 42
\BOOKMARK [2][-]{subsection.3.2.2}{\376\377\000S\000i\000l\000i\000c\000a\000\040\000S\000u\000r\000f\000a\000c\000e\000\040\000A\000n\000a\000l\000y\000s\000i\000s}{section.3.2}% 43
\BOOKMARK [1][-]{section.3.3}{\376\377\000S\000i\000l\000i\000c\000a\000\040\000p\000a\000r\000t\000i\000c\000l\000e\000\040\000s\000u\000r\000f\000a\000c\000e\000\040\000r\000e\000s\000o\000l\000u\000t\000i\000o\000n}{chapter.3}% 44
\BOOKMARK [0][-]{chapter.4}{\376\377\000A\000t\000o\000m\000i\000c\000\040\000f\000o\000r\000c\000e\000\040\000s\000p\000e\000c\000t\000r\000o\000s\000c\000o\000p\000y\000\040\000a\000n\000a\000l\000y\000s\000i\000s}{}% 45
\BOOKMARK [1][-]{section.4.1}{\376\377\000I\000n\000t\000r\000o\000d\000u\000c\000t\000i\000o\000n}{chapter.4}% 46
\BOOKMARK [1][-]{section.4.2}{\376\377\000M\000F\000P\000-\0001\000D}{chapter.4}% 47
\BOOKMARK [2][-]{subsection.4.2.1}{\376\377\000E\000x\000p\000e\000r\000i\000m\000e\000n\000t\000a\000l\000\040\000s\000e\000t\000u\000p}{section.4.2}% 48
\BOOKMARK [2][-]{subsection.4.2.2}{\376\377\000C\000o\000n\000n\000e\000c\000t\000i\000o\000n\000\040\000w\000i\000t\000h\000\040\000R\000h\000e\000o\000l\000o\000g\000y}{section.4.2}% 49
\BOOKMARK [2][-]{subsection.4.2.3}{\376\377\000M\000F\000P\000-\0001\000D\000\040\000f\000o\000r\000c\000e\000-\000d\000i\000s\000t\000a\000n\000c\000e\000\040\000c\000u\000r\000v\000e\000s\000\040\000a\000c\000q\000u\000i\000s\000i\000t\000i\000o\000n\000\040\000a\000n\000d\000\040\000p\000r\000o\000c\000e\000s\000s\000i\000n\000g}{section.4.2}% 50
\BOOKMARK [2][-]{subsection.4.2.4}{\376\377\000V\000a\000l\000i\000d\000a\000t\000i\000o\000n\000\040\000o\000f\000\040\000r\000e\000s\000u\000l\000t\000s}{section.4.2}% 51
\BOOKMARK [1][-]{section.4.3}{\376\377\000N\000a\000n\000o\000w\000i\000z\000a\000r\000d}{chapter.4}% 52
\BOOKMARK [2][-]{subsection.4.3.1}{\376\377\000A\000n\000a\000l\000y\000s\000i\000s\000\040\000d\000i\000f\000f\000e\000r\000e\000n\000c\000e\000s\000\040\000f\000o\000r\000\040\000J\000P\000K\000\040\000N\000a\000n\000o\000W\000i\000z\000a\000r\000d}{section.4.3}% 53
\BOOKMARK [1][-]{section.4.4}{\376\377\000D\000e\000v\000e\000l\000o\000p\000m\000e\000n\000t\000\040\000a\000n\000d\000\040\000S\000i\000g\000n\000i\000f\000i\000c\000a\000n\000c\000e\000\040\000o\000f\000\040\000t\000h\000e\000\040\000F\000o\000r\000c\000e\000\040\000C\000u\000r\000v\000e\000\040\000A\000n\000a\000l\000y\000s\000i\000s\000\040\000S\000o\000f\000t\000w\000a\000r\000e}{chapter.4}% 54
\BOOKMARK [0][-]{chapter.5}{\376\377\000A\000n\000a\000l\000y\000s\000i\000s\000\040\000o\000f\000\040\000A\000p\000p\000r\000o\000a\000c\000h\000\040\000F\000o\000r\000c\000e\000\040\000C\000u\000r\000v\000e\000s\000\040\000i\000n\000\040\000C\000o\000l\000l\000o\000i\000d\000a\000l\000\040\000S\000y\000s\000t\000e\000m\000s}{}% 55
\BOOKMARK [1][-]{section.5.1}{\376\377\000M\000F\000P\000-\0001\000D\000\040\000c\000o\000n\000t\000a\000c\000t\000\040\000f\000o\000r\000c\000e\000\040\000d\000e\000r\000i\000v\000a\000t\000i\000o\000n}{chapter.5}% 56
\BOOKMARK [2][-]{subsection.5.1.1}{\376\377\000A\000\040\000n\000o\000t\000e\000\040\000o\000n\000\040\000r\000e\000j\000e\000c\000t\000e\000d\000\040\000c\000u\000r\000v\000e\000s}{section.5.1}% 57
\BOOKMARK [2][-]{subsection.5.1.2}{\376\377\000C\000o\000n\000t\000a\000c\000t\000\040\000f\000o\000r\000c\000e\000\040\000c\000a\000l\000c\000u\000l\000a\000t\000i\000o\000n\000s}{section.5.1}% 58
\BOOKMARK [2][-]{subsection.5.1.3}{\376\377\000D\000i\000v\000e\000r\000s\000i\000t\000y\000\040\000a\000n\000d\000\040\000R\000a\000n\000g\000e\000\040\000o\000f\000\040\000D\000a\000t\000a\000\040\000P\000o\000i\000n\000t\000s}{section.5.1}% 59
\BOOKMARK [2][-]{subsection.5.1.4}{\376\377\0000\000.\0006\000m\000M\000\040\000S\000i\000t\000e\000\040\0001}{section.5.1}% 60
\BOOKMARK [2][-]{subsection.5.1.5}{\376\377\0000\000.\0006\000m\000M\000\040\000S\000i\000t\000e\000\040\0002}{section.5.1}% 61
\BOOKMARK [2][-]{subsection.5.1.6}{\376\377\0000\000.\0006\000m\000M\000\040\000S\000i\000t\000e\000\040\0003}{section.5.1}% 62
\BOOKMARK [2][-]{subsection.5.1.7}{\376\377\0001\000.\0006\000m\000M\000\040\000S\000i\000t\000e\000\040\0001}{section.5.1}% 63
\BOOKMARK [2][-]{subsection.5.1.8}{\376\377\0001\000.\0006\000m\000M\000\040\000S\000i\000t\000e\000\040\0002}{section.5.1}% 64
\BOOKMARK [2][-]{subsection.5.1.9}{\376\377\0005\000m\000M\000\040\000S\000i\000t\000e\000\040\0001}{section.5.1}% 65
\BOOKMARK [2][-]{subsection.5.1.10}{\376\377\0005\000m\000M\000\040\000S\000i\000t\000e\000\040\0002}{section.5.1}% 66
\BOOKMARK [2][-]{subsection.5.1.11}{\376\377\0005\000m\000M\000\040\000S\000i\000t\000e\000\040\0003}{section.5.1}% 67
\BOOKMARK [2][-]{subsection.5.1.12}{\376\377\0001\0000\000m\000M\000\040\000S\000i\000t\000e\000\040\0001}{section.5.1}% 68
\BOOKMARK [2][-]{subsection.5.1.13}{\376\377\0001\0000\000m\000M\000\040\000S\000i\000t\000e\000\040\0002}{section.5.1}% 69
\BOOKMARK [2][-]{subsection.5.1.14}{\376\377\0001\0000\000m\000M\000\040\000S\000i\000t\000e\000\040\0003}{section.5.1}% 70
\BOOKMARK [2][-]{subsection.5.1.15}{\376\377\0002\0005\000m\000M\000\040\000S\000i\000t\000e\000\040\0001}{section.5.1}% 71
\BOOKMARK [2][-]{subsection.5.1.16}{\376\377\0002\0005\000m\000M\000\040\000S\000i\000t\000e\000\040\0002}{section.5.1}% 72
\BOOKMARK [2][-]{subsection.5.1.17}{\376\377\0002\0005\000m\000M\000\040\000S\000i\000t\000e\000\040\0003}{section.5.1}% 73
\BOOKMARK [2][-]{subsection.5.1.18}{\376\377\0005\0000\000m\000M\000\040\000S\000i\000t\000e\000\040\0001}{section.5.1}% 74
\BOOKMARK [2][-]{subsection.5.1.19}{\376\377\0005\0000\000m\000M\000\040\000S\000i\000t\000e\000\040\0002}{section.5.1}% 75
\BOOKMARK [2][-]{subsection.5.1.20}{\376\377\0002\0003\0000\000m\000M\000\040\000S\000i\000t\000e\000\040\0001}{section.5.1}% 76
\BOOKMARK [2][-]{subsection.5.1.21}{\376\377\0002\0003\0000\000m\000M\000\040\000S\000i\000t\000e\000\040\0002}{section.5.1}% 77
\BOOKMARK [2][-]{subsection.5.1.22}{\376\377\0005\0005\0000\000m\000M\000\040\000S\000i\000t\000e\000\040\0001}{section.5.1}% 78
\BOOKMARK [2][-]{subsection.5.1.23}{\376\377\0005\0005\0000\000m\000M\000\040\000S\000i\000t\000e\000\040\0002}{section.5.1}% 79
\BOOKMARK [2][-]{subsection.5.1.24}{\376\377\0005\0005\0000\000m\000M\000\040\000S\000i\000t\000e\000\040\0003}{section.5.1}% 80
\BOOKMARK [1][-]{section.5.2}{\376\377\000O\000v\000e\000r\000a\000l\000l\000\040\000f\000o\000r\000c\000e\000\040\000v\000s\000\040\000L\000i\000C\000l\000\040\000c\000o\000n\000c\000e\000n\000t\000r\000a\000t\000i\000o\000n\000\040\000g\000r\000a\000p\000h}{chapter.5}% 81
\BOOKMARK [1][-]{section.5.3}{\376\377\000D\000i\000s\000c\000u\000s\000s\000i\000o\000n\000\040\000o\000f\000\040\000F\000o\000r\000c\000e\000\040\000M\000e\000a\000s\000u\000r\000e\000m\000e\000n\000t\000s\000\040\000a\000n\000d\000\040\000S\000a\000l\000t\000\040\000C\000o\000n\000c\000e\000n\000t\000r\000a\000t\000i\000o\000n\000\040\000E\000f\000f\000e\000c\000t\000s}{chapter.5}% 82
\BOOKMARK [0][-]{chapter.6}{\376\377\000A\000n\000a\000l\000y\000s\000i\000s\000\040\000o\000f\000\040\000R\000e\000t\000r\000a\000c\000t\000\040\000F\000o\000r\000c\000e\000\040\000C\000u\000r\000v\000e\000s\000\040\000i\000n\000\040\000C\000o\000l\000l\000o\000i\000d\000a\000l\000\040\000S\000y\000s\000t\000e\000m\000s}{}% 83
\BOOKMARK [1][-]{section.6.1}{\376\377\000I\000n\000t\000r\000o\000d\000u\000c\000t\000i\000o\000n}{chapter.6}% 84
\BOOKMARK [1][-]{section.6.2}{\376\377\000M\000F\000P\000-\0001\000D\000\040\000c\000o\000n\000t\000a\000c\000t\000\040\000f\000o\000r\000c\000e\000\040\000d\000e\000r\000i\000v\000a\000t\000i\000o\000n}{chapter.6}% 85
\BOOKMARK [2][-]{subsection.6.2.1}{\376\377\0000\000.\0006\000m\000M\000\040\000S\000i\000t\000e\000\040\0001}{section.6.2}% 86
\BOOKMARK [2][-]{subsection.6.2.2}{\376\377\0000\000.\0006\000m\000M\000\040\000S\000i\000t\000e\000\040\0002}{section.6.2}% 87
\BOOKMARK [2][-]{subsection.6.2.3}{\376\377\0000\000.\0006\000m\000M\000\040\000S\000i\000t\000e\000\040\0003}{section.6.2}% 88
\BOOKMARK [2][-]{subsection.6.2.4}{\376\377\0001\000.\0006\000m\000M\000\040\000S\000i\000t\000e\000\040\0001}{section.6.2}% 89
\BOOKMARK [2][-]{subsection.6.2.5}{\376\377\0001\000.\0006\000m\000M\000\040\000S\000i\000t\000e\000\040\0002}{section.6.2}% 90
\BOOKMARK [2][-]{subsection.6.2.6}{\376\377\0005\000m\000M\000\040\000S\000i\000t\000e\000\040\0001}{section.6.2}% 91
\BOOKMARK [2][-]{subsection.6.2.7}{\376\377\0005\000m\000M\000\040\000S\000i\000t\000e\000\040\0002}{section.6.2}% 92
\BOOKMARK [2][-]{subsection.6.2.8}{\376\377\0005\000m\000M\000\040\000S\000i\000t\000e\000\040\0003}{section.6.2}% 93
\BOOKMARK [2][-]{subsection.6.2.9}{\376\377\0001\0000\000m\000M\000\040\000S\000i\000t\000e\000\040\0001}{section.6.2}% 94
\BOOKMARK [2][-]{subsection.6.2.10}{\376\377\0001\0000\000m\000M\000\040\000S\000i\000t\000e\000\040\0002}{section.6.2}% 95
\BOOKMARK [2][-]{subsection.6.2.11}{\376\377\0001\0000\000m\000M\000\040\000S\000i\000t\000e\000\040\0003}{section.6.2}% 96
\BOOKMARK [2][-]{subsection.6.2.12}{\376\377\0002\0005\000m\000M\000\040\000S\000i\000t\000e\000\040\0001}{section.6.2}% 97
\BOOKMARK [2][-]{subsection.6.2.13}{\376\377\0002\0005\000m\000M\000\040\000S\000i\000t\000e\000\040\0002}{section.6.2}% 98
\BOOKMARK [2][-]{subsection.6.2.14}{\376\377\0002\0005\000m\000M\000\040\000S\000i\000t\000e\000\040\0003}{section.6.2}% 99
\BOOKMARK [2][-]{subsection.6.2.15}{\376\377\0005\0000\000m\000M\000\040\000S\000i\000t\000e\000\040\0001}{section.6.2}% 100
\BOOKMARK [2][-]{subsection.6.2.16}{\376\377\0005\0000\000m\000M\000\040\000S\000i\000t\000e\000\040\0002}{section.6.2}% 101
\BOOKMARK [2][-]{subsection.6.2.17}{\376\377\0002\0003\0000\000m\000M\000\040\000S\000i\000t\000e\000\040\0001}{section.6.2}% 102
\BOOKMARK [2][-]{subsection.6.2.18}{\376\377\0002\0003\0000\000m\000M\000\040\000S\000i\000t\000e\000\040\0002}{section.6.2}% 103
\BOOKMARK [2][-]{subsection.6.2.19}{\376\377\0005\0005\0000\000m\000M\000\040\000S\000i\000t\000e\000\040\0001}{section.6.2}% 104
\BOOKMARK [2][-]{subsection.6.2.20}{\376\377\0005\0005\0000\000m\000M\000\040\000S\000i\000t\000e\000\040\0002}{section.6.2}% 105
\BOOKMARK [2][-]{subsection.6.2.21}{\376\377\0005\0005\0000\000m\000M\000\040\000S\000i\000t\000e\000\040\0003}{section.6.2}% 106
\BOOKMARK [1][-]{section.6.3}{\376\377\000C\000o\000m\000p\000a\000r\000i\000s\000o\000n\000\040\000w\000i\000t\000h\000\040\000l\000i\000t\000e\000r\000a\000t\000u\000r\000e}{chapter.6}% 107
\BOOKMARK [1][-]{section.6.4}{\376\377\000O\000v\000e\000r\000a\000l\000l\000\040\000f\000o\000r\000c\000e\000\040\000v\000s\000\040\000L\000i\000C\000l\000\040\000c\000o\000n\000c\000e\000n\000t\000r\000a\000t\000i\000o\000n\000\040\000g\000r\000a\000p\000h\000s\000\040\000c\000o\000n\000c\000l\000u\000s\000i\000o\000n\000s}{chapter.6}% 108
\BOOKMARK [0][-]{chapter.7}{\376\377\000O\000p\000e\000r\000a\000t\000i\000o\000n\000a\000l\000\040\000p\000a\000r\000a\000m\000e\000t\000e\000r\000\040\000e\000x\000p\000l\000o\000r\000a\000t\000i\000o\000n\000\040\000a\000n\000d\000\040\000t\000h\000e\000i\000r\000\040\000i\000m\000p\000l\000i\000c\000a\000t\000i\000o\000n\000s}{}% 109
\BOOKMARK [1][-]{section.7.1}{\376\377\000I\000n\000t\000r\000o\000d\000u\000c\000t\000i\000o\000n}{chapter.7}% 110
\BOOKMARK [1][-]{section.7.2}{\376\377\000T\000i\000p\000\040\000s\000p\000e\000e\000d\000\040\000a\000n\000a\000l\000y\000s\000i\000s}{chapter.7}% 111
\BOOKMARK [2][-]{subsection.7.2.1}{\376\377\000E\000x\000p\000e\000c\000t\000e\000d\000\040\000e\000f\000f\000e\000c\000t\000\040\000o\000f\000\040\000t\000i\000p\000\040\000s\000p\000e\000e\000d\000\040\000o\000n\000\040\000r\000e\000s\000u\000l\000t\000s}{section.7.2}% 112
\BOOKMARK [1][-]{section.7.3}{\376\377\000D\000w\000e\000l\000l\000\040\000t\000i\000m\000e}{chapter.7}% 113
\BOOKMARK [1][-]{section.7.4}{\376\377\000p\000H\000\040\000a\000n\000a\000l\000y\000s\000i\000s}{chapter.7}% 114
\BOOKMARK [1][-]{section.7.5}{\376\377\000J\000P\000K\000\040\000F\000o\000r\000c\000e\000m\000a\000p\000p\000i\000n\000g}{chapter.7}% 115
\BOOKMARK [0][-]{chapter.8}{\376\377\000F\000u\000r\000t\000h\000e\000r\000\040\000a\000n\000a\000l\000y\000s\000i\000s\000\040\000a\000n\000d\000\040\000d\000i\000s\000c\000u\000s\000s\000i\000o\000n}{}% 116
\BOOKMARK [1][-]{section.8.1}{\376\377\000A\000p\000p\000r\000o\000a\000c\000h\000\040\000f\000o\000r\000c\000e\000\040\000c\000u\000r\000v\000e\000s}{chapter.8}% 117
\BOOKMARK [1][-]{section.8.2}{\376\377\000R\000e\000t\000r\000a\000c\000t\000\040\000f\000o\000r\000c\000e\000\040\000c\000u\000r\000v\000e\000s}{chapter.8}% 118
\BOOKMARK [1][-]{section.8.3}{\376\377\000S\000h\000e\000l\000f\000\040\000a\000n\000a\000l\000y\000s\000i\000s}{chapter.8}% 119
\BOOKMARK [1][-]{section.8.4}{\376\377\000O\000v\000e\000r\000c\000o\000m\000i\000n\000g\000\040\000t\000h\000e\000\040\000n\000o\000i\000s\000e\000\040\000i\000n\000\040\000d\000a\000t\000a}{chapter.8}% 120
\BOOKMARK [1][-]{section.8.5}{\376\377\000P\000o\000t\000e\000n\000t\000i\000a\000l\000\040\000V\000a\000r\000i\000a\000b\000i\000l\000i\000t\000y\000\040\000f\000r\000o\000m\000\040\000H\000y\000d\000r\000a\000t\000i\000o\000n\000/\000S\000o\000l\000v\000a\000t\000i\000o\000n\000\040\000F\000o\000r\000c\000e\000s}{chapter.8}% 121
\BOOKMARK [1][-]{section.8.6}{\376\377\000T\000e\000m\000p\000o\000r\000a\000l\000\040\000D\000y\000n\000a\000m\000i\000c\000s\000\040\000i\000n\000\040\000F\000o\000r\000c\000e\000\040\000M\000e\000a\000s\000u\000r\000e\000m\000e\000n\000t\000s}{chapter.8}% 122
\BOOKMARK [2][-]{subsection.8.6.1}{\376\377\000T\000h\000e\000\040\000I\000n\000f\000l\000u\000e\000n\000c\000e\000\040\000o\000f\000\040\000T\000i\000p\000\040\000V\000e\000l\000o\000c\000i\000t\000y}{section.8.6}% 123
\BOOKMARK [2][-]{subsection.8.6.2}{\376\377\000D\000i\000e\000l\000e\000c\000t\000r\000i\000c\000\040\000R\000e\000l\000a\000x\000a\000t\000i\000o\000n\000,\000\040\000I\000o\000n\000\040\000M\000o\000b\000i\000l\000i\000t\000y\000\040\000a\000n\000d\000\040\000M\000e\000a\000s\000u\000r\000e\000m\000e\000n\000t\000\040\000F\000i\000d\000e\000l\000i\000t\000y}{section.8.6}% 124
\BOOKMARK [2][-]{subsection.8.6.3}{\376\377\000I\000m\000p\000l\000i\000c\000a\000t\000i\000o\000n\000s\000\040\000f\000o\000r\000\040\000M\000e\000a\000s\000u\000r\000e\000m\000e\000n\000t\000\040\000S\000t\000r\000a\000t\000e\000g\000y}{section.8.6}% 125
\BOOKMARK [1][-]{section.8.7}{\376\377\000C\000o\000m\000p\000a\000r\000i\000n\000g\000\040\000r\000e\000s\000u\000l\000t\000s\000\040\000t\000o\000\040\000D\000L\000V\000O\000\040\000t\000h\000e\000o\000r\000y}{chapter.8}% 126
\BOOKMARK [0][-]{chapter.9}{\376\377\000C\000o\000n\000c\000l\000u\000s\000i\000o\000n}{}% 127
\BOOKMARK [1][-]{section.9.1}{\376\377\000F\000u\000t\000u\000r\000e\000\040\000w\000o\000r\000k}{chapter.9}% 128
\BOOKMARK [0][-]{chapter.10}{\376\377\000A\000p\000p\000e\000n\000d\000i\000x}{}% 129
\BOOKMARK [1][-]{section.10.1}{\376\377\000T\000i\000p\000\040\000S\000p\000e\000e\000d\000\040\000A\000n\000a\000l\000y\000s\000i\000s\000\040\000H\000i\000s\000t\000o\000g\000r\000a\000m\000s}{chapter.10}% 130
\BOOKMARK [0][-]{section*.249}{\376\377\000B\000i\000b\000l\000i\000o\000g\000r\000a\000p\000h\000y}{}% 131
